2020-03-22 17:01:31,579 ThreadB ++LOGS FOR NODE Node B ++
2020-03-22 17:01:34,595 ThreadB B_set_to_true
2020-03-22 17:01:34,596 ThreadB Waiting for membership
2020-03-22 17:01:44,719 ThreadB Delta mode set
2020-03-22 17:02:24,721 ThreadB No READ and loop Count: 2
2020-03-22 17:03:04,723 ThreadB No READ and loop Count: 3
2020-03-22 17:03:44,827 ThreadB Read Count: 1
2020-03-22 17:03:44,828 ThreadB Before: [')4> {ok, AwMapRes} = lasp:query({<<"awmap">>,{state_awmap,[state_mv \x08register]}}).', '{ok,[{<<"key1">>,', '      {set,1,16,16,8,80,48,', '           {[],[],[],[],[],[],[],[],[],[],[],[],[],[],[],[]},', '           {{[],[],[],[],[],[],[],[],[],[],[],', '             [#{what =>', '                    i_am_1000000000010000001010000000011111111111010100000000000100000000011}],', '             [],[],...}}}}]}', '(']
2020-03-22 17:03:44,829 ThreadB Read 10 and exp1 set to True, expecting 11 in next
2020-03-22 17:03:44,830 ThreadB Query executed loop Count:3
2020-03-22 17:03:44,882 ThreadB Update==False
2020-03-22 17:04:04,884 ThreadB No READ and loop Count: 5
2020-03-22 17:04:44,885 ThreadB No READ and loop Count: 6
2020-03-22 17:05:24,990 ThreadB Read Count: 2
2020-03-22 17:05:24,991 ThreadB Before: [')7> {ok, AwMapRes} = lasp:query({<<"awmap">>,{state_awmap,[state_mv \x08register]}}).', '{ok,[{<<"key1">>,', '      {set,1,16,16,8,80,48,', '           {[],[],[],[],[],[],[],[],[],[],[],[],[],[],[],[]},', '           {{[],[],[],[],[],[],[],[],[],[],[],', '             [#{what =>', '                    i_am_111111111110000000000000101111111111101111111111010111111011111111}],', '             [],[],...}}}}]}', '(']
2020-03-22 17:05:24,992 ThreadB Read 11 and exp1 set to False, expecting 10 in next
2020-03-22 17:05:24,993 ThreadB Query executed loop Count:6
2020-03-22 17:05:25,045 ThreadB Update==False
2020-03-22 17:05:45,047 ThreadB No READ and loop Count: 8
2020-03-22 17:06:25,048 ThreadB No READ and loop Count: 9
2020-03-22 17:07:05,153 ThreadB Read Count: 3
2020-03-22 17:07:05,154 ThreadB Before: [')10> {ok, AwMapRes} = lasp:query({<<"awmap">>,{state_awmap,[state_m \x08vregister]}}).', '{ok,[{<<"key1">>,', '      {set,1,16,16,8,80,48,', '           {[],[],[],[],[],[],[],[],[],[],[],[],[],[],[],[]},', '           {{[],[],[],[],[],[],[],[],[],[],[],', '             [#{what =>', '                    i_am_1000000000010000001010000000011111111111010100000000000100000000011}],', '             [],[],...}}}}]}', '(']
2020-03-22 17:07:05,155 ThreadB Read 10 and exp1 set to True, expecting 11 in next
2020-03-22 17:07:05,155 ThreadB Query executed loop Count:9
2020-03-22 17:07:05,310 ThreadB Execition ended for Node B
