2020-03-22 17:01:31,578 ThreadA ++LOGS FOR NODE Node A ++
2020-03-22 17:01:36,760 ThreadA Membership done
2020-03-22 17:01:41,844 ThreadA Delta mode set
2020-03-22 17:01:52,630 ThreadA Update==True
2020-03-22 17:01:52,631 ThreadA Waiting for Update=False
2020-03-22 17:01:57,631 ThreadA Waiting for Update=False
2020-03-22 17:02:02,633 ThreadA Waiting for Update=False
2020-03-22 17:02:07,634 ThreadA Waiting for Update=False
2020-03-22 17:02:12,636 ThreadA Waiting for Update=False
2020-03-22 17:02:17,637 ThreadA Waiting for Update=False
2020-03-22 17:02:22,638 ThreadA Waiting for Update=False
2020-03-22 17:02:27,738 ThreadA Update Count: 1
2020-03-22 17:02:27,738 ThreadA Update==True again & loop count: 1
2020-03-22 17:02:37,902 ThreadA Waiting for Update=False
2020-03-22 17:02:42,903 ThreadA Waiting for Update=False
2020-03-22 17:02:47,904 ThreadA Waiting for Update=False
2020-03-22 17:02:52,905 ThreadA Waiting for Update=False
2020-03-22 17:02:57,906 ThreadA Waiting for Update=False
2020-03-22 17:03:02,907 ThreadA Waiting for Update=False
2020-03-22 17:03:08,013 ThreadA Update Count: 2
2020-03-22 17:03:08,013 ThreadA Update==True again & loop count: 2
2020-03-22 17:03:18,185 ThreadA Waiting for Update=False
2020-03-22 17:03:23,186 ThreadA Waiting for Update=False
2020-03-22 17:03:28,187 ThreadA Waiting for Update=False
2020-03-22 17:03:33,189 ThreadA Waiting for Update=False
2020-03-22 17:03:38,190 ThreadA Waiting for Update=False
2020-03-22 17:03:43,192 ThreadA Waiting for Update=False
2020-03-22 17:03:48,331 ThreadA Update Count: 3
2020-03-22 17:03:48,332 ThreadA Update==True again & loop count: 3
2020-03-22 17:03:58,506 ThreadA Waiting for Update=False
2020-03-22 17:04:03,507 ThreadA Waiting for Update=False
2020-03-22 17:04:08,634 ThreadA Update Count: 4
2020-03-22 17:04:08,634 ThreadA Update==True again & loop count: 4
2020-03-22 17:04:18,807 ThreadA Waiting for Update=False
2020-03-22 17:04:23,808 ThreadA Waiting for Update=False
2020-03-22 17:04:28,810 ThreadA Waiting for Update=False
2020-03-22 17:04:33,811 ThreadA Waiting for Update=False
2020-03-22 17:04:38,813 ThreadA Waiting for Update=False
2020-03-22 17:04:43,814 ThreadA Waiting for Update=False
2020-03-22 17:04:48,926 ThreadA Update Count: 5
2020-03-22 17:04:48,927 ThreadA Update==True again & loop count: 5
2020-03-22 17:04:59,098 ThreadA Waiting for Update=False
2020-03-22 17:05:04,099 ThreadA Waiting for Update=False
2020-03-22 17:05:09,101 ThreadA Waiting for Update=False
2020-03-22 17:05:14,103 ThreadA Waiting for Update=False
2020-03-22 17:05:19,104 ThreadA Waiting for Update=False
2020-03-22 17:05:24,105 ThreadA Waiting for Update=False
2020-03-22 17:05:29,214 ThreadA Update Count: 6
2020-03-22 17:05:29,215 ThreadA Update==True again & loop count: 6
2020-03-22 17:05:39,388 ThreadA Waiting for Update=False
2020-03-22 17:05:44,390 ThreadA Waiting for Update=False
2020-03-22 17:05:49,495 ThreadA Update Count: 7
2020-03-22 17:05:49,496 ThreadA Update==True again & loop count: 7
2020-03-22 17:05:59,669 ThreadA Waiting for Update=False
2020-03-22 17:06:04,671 ThreadA Waiting for Update=False
2020-03-22 17:06:09,672 ThreadA Waiting for Update=False
2020-03-22 17:06:14,673 ThreadA Waiting for Update=False
2020-03-22 17:06:19,675 ThreadA Waiting for Update=False
2020-03-22 17:06:24,676 ThreadA Waiting for Update=False
2020-03-22 17:06:29,779 ThreadA Update Count: 8
2020-03-22 17:06:29,780 ThreadA Update==True again & loop count: 8
2020-03-22 17:06:39,953 ThreadA Waiting for Update=False
2020-03-22 17:06:44,954 ThreadA Waiting for Update=False
2020-03-22 17:06:49,955 ThreadA Waiting for Update=False
2020-03-22 17:06:54,956 ThreadA Waiting for Update=False
2020-03-22 17:06:59,957 ThreadA Waiting for Update=False
2020-03-22 17:07:04,959 ThreadA Waiting for Update=False
2020-03-22 17:07:10,066 ThreadA Update Count: 9
2020-03-22 17:07:10,067 ThreadA Update==True again & loop count: 9
2020-03-22 17:07:25,296 ThreadA Execution ended for node Node A
