2020-03-19 21:59:14,253 ThreadA ++LOGS FOR NODE Node A ++
2020-03-19 21:59:18,235 ThreadA Membership done
2020-03-19 21:59:23,293 ThreadA Delta mode set
2020-03-19 21:59:33,973 ThreadA Update==True
2020-03-19 21:59:33,974 ThreadA Waiting for Update=False
2020-03-19 21:59:38,975 ThreadA Waiting for Update=False
2020-03-19 21:59:43,977 ThreadA Waiting for Update=False
2020-03-19 21:59:48,979 ThreadA Waiting for Update=False
2020-03-19 21:59:53,980 ThreadA Waiting for Update=False
2020-03-19 21:59:58,981 ThreadA Waiting for Update=False
2020-03-19 22:00:03,983 ThreadA Waiting for Update=False
2020-03-19 22:00:09,057 ThreadA Update Count: 1
2020-03-19 22:00:09,058 ThreadA Update==True again
2020-03-19 22:00:19,211 ThreadA Waiting for Update=False
2020-03-19 22:00:24,213 ThreadA Waiting for Update=False
2020-03-19 22:00:29,267 ThreadA Update Count: 2
2020-03-19 22:00:29,268 ThreadA Update==True again
2020-03-19 22:00:39,423 ThreadA Waiting for Update=False
2020-03-19 22:00:44,424 ThreadA Waiting for Update=False
2020-03-19 22:00:49,476 ThreadA Update Count: 3
2020-03-19 22:00:49,477 ThreadA Update==True again
2020-03-19 22:00:59,631 ThreadA Waiting for Update=False
2020-03-19 22:01:04,632 ThreadA Waiting for Update=False
2020-03-19 22:01:09,686 ThreadA Update Count: 4
2020-03-19 22:01:09,687 ThreadA Update==True again
2020-03-19 22:01:19,842 ThreadA Waiting for Update=False
2020-03-19 22:01:24,844 ThreadA Waiting for Update=False
2020-03-19 22:01:29,896 ThreadA Update Count: 5
2020-03-19 22:01:29,897 ThreadA Update==True again
2020-03-19 22:01:45,103 ThreadA Execution ended for node Node A
