2020-03-19 21:59:14,253 ThreadB ++LOGS FOR NODE Node B ++
2020-03-19 21:59:17,086 ThreadB B_set_to_true
2020-03-19 21:59:17,087 ThreadB Waiting for membership
2020-03-19 21:59:27,195 ThreadB Delta mode set
2020-03-19 22:00:07,300 ThreadB Read Count: 1
2020-03-19 22:00:07,300 ThreadB Before: [')4> {ok, AwMapRes} = lasp:query({<<"awmap">>,{state_awmap,[state_mv \x08register]}}).', '{ok,[{<<"key1">>,', '      {set,1,16,16,8,80,48,', '           {[],[],[],[],[],[],[],[],[],[],[],[],[],[],[],[]},', '           {{[],[],[],[],[],[],[],[],[],[],[],', '             [#{what =>', '                    i_am_111111111110000000000000101111111111101111111111010111111011111111}],', '             [],[],...}}}}]}', '(']
2020-03-19 22:00:07,302 ThreadB Read 11 and exp1 set to False, expecting 10 in next
2020-03-19 22:00:07,303 ThreadB Query executed
2020-03-19 22:00:07,355 ThreadB Update==False
2020-03-19 22:00:27,459 ThreadB Read Count: 2
2020-03-19 22:00:27,460 ThreadB Before: [')7> {ok, AwMapRes} = lasp:query({<<"awmap">>,{state_awmap,[state_mv \x08register]}}).', '{ok,[{<<"key1">>,', '      {set,1,16,16,8,80,48,', '           {[],[],[],[],[],[],[],[],[],[],[],[],[],[],[],[]},', '           {{[],[],[],[],[],[],[],[],[],[],[],', '             [#{what =>', '                    i_am_1000000000010000001010000000011111111111010100000000000100000000011}],', '             [],[],...}}}}]}', '(']
2020-03-19 22:00:27,461 ThreadB Read 10 and exp1 set to True, expecting 11 in next
2020-03-19 22:00:27,462 ThreadB Query executed
2020-03-19 22:00:27,514 ThreadB Update==False
2020-03-19 22:00:47,619 ThreadB Read Count: 3
2020-03-19 22:00:47,620 ThreadB Before: [')10> {ok, AwMapRes} = lasp:query({<<"awmap">>,{state_awmap,[state_m \x08vregister]}}).', '{ok,[{<<"key1">>,', '      {set,1,16,16,8,80,48,', '           {[],[],[],[],[],[],[],[],[],[],[],[],[],[],[],[]},', '           {{[],[],[],[],[],[],[],[],[],[],[],', '             [#{what =>', '                    i_am_111111111110000000000000101111111111101111111111010111111011111111}],', '             [],[],...}}}}]}', '(']
2020-03-19 22:00:47,622 ThreadB Read 11 and exp1 set to False, expecting 10 in next
2020-03-19 22:00:47,622 ThreadB Query executed
2020-03-19 22:00:47,675 ThreadB Update==False
2020-03-19 22:01:07,780 ThreadB Read Count: 4
2020-03-19 22:01:07,781 ThreadB Before: [')13> {ok, AwMapRes} = lasp:query({<<"awmap">>,{state_awmap,[state_m \x08vregister]}}).', '{ok,[{<<"key1">>,', '      {set,1,16,16,8,80,48,', '           {[],[],[],[],[],[],[],[],[],[],[],[],[],[],[],[]},', '           {{[],[],[],[],[],[],[],[],[],[],[],', '             [#{what =>', '                    i_am_1000000000010000001010000000011111111111010100000000000100000000011}],', '             [],[],...}}}}]}', '(']
2020-03-19 22:01:07,783 ThreadB Read 10 and exp1 set to True, expecting 11 in next
2020-03-19 22:01:07,784 ThreadB Query executed
2020-03-19 22:01:07,836 ThreadB Update==False
2020-03-19 22:01:27,942 ThreadB Read Count: 5
2020-03-19 22:01:27,943 ThreadB Before: [')16> {ok, AwMapRes} = lasp:query({<<"awmap">>,{state_awmap,[state_m \x08vregister]}}).', '{ok,[{<<"key1">>,', '      {set,1,16,16,8,80,48,', '           {[],[],[],[],[],[],[],[],[],[],[],[],[],[],[],[]},', '           {{[],[],[],[],[],[],[],[],[],[],[],', '             [#{what =>', '                    i_am_111111111110000000000000101111111111101111111111010111111011111111}],', '             [],[],...}}}}]}', '(']
2020-03-19 22:01:27,946 ThreadB Read 11 and exp1 set to False, expecting 10 in next
2020-03-19 22:01:27,947 ThreadB Query executed
2020-03-19 22:01:28,102 ThreadB Execition ended for Node B
